2025-04-02 09:08:35: Error sending Telegram message to chat 123456789: TelegramError: ETELEGRAM: 400 Bad Request: chat not found
    at /home/pkflutter/project/LC-Report/lc-opd-daily/node_modules/node-telegram-bot-api/src/telegram.js:316:15
    at tryCatcher (/home/pkflutter/project/LC-Report/lc-opd-daily/node_modules/@cypress/request-promise/node_modules/bluebird/js/release/util.js:16:23)
    at Promise._settlePromiseFromHandler (/home/pkflutter/project/LC-Report/lc-opd-daily/node_modules/@cypress/request-promise/node_modules/bluebird/js/release/promise.js:547:31)
    at Promise._settlePromise (/home/pkflutter/project/LC-Report/lc-opd-daily/node_modules/@cypress/request-promise/node_modules/bluebird/js/release/promise.js:604:18)
    at Promise._settlePromise0 (/home/pkflutter/project/LC-Report/lc-opd-daily/node_modules/@cypress/request-promise/node_modules/bluebird/js/release/promise.js:649:10)
    at Promise._settlePromises (/home/pkflutter/project/LC-Report/lc-opd-daily/node_modules/@cypress/request-promise/node_modules/bluebird/js/release/promise.js:729:18)
    at _drainQueueStep (/home/pkflutter/project/LC-Report/lc-opd-daily/node_modules/@cypress/request-promise/node_modules/bluebird/js/release/async.js:93:12)
    at _drainQueue (/home/pkflutter/project/LC-Report/lc-opd-daily/node_modules/@cypress/request-promise/node_modules/bluebird/js/release/async.js:86:9)
    at Async._drainQueues (/home/pkflutter/project/LC-Report/lc-opd-daily/node_modules/@cypress/request-promise/node_modules/bluebird/js/release/async.js:102:5)
    at Async.drainQueues [as _onImmediate] (/home/pkflutter/project/LC-Report/lc-opd-daily/node_modules/@cypress/request-promise/node_modules/bluebird/js/release/async.js:15:14)
    at process.processImmediate (node:internal/timers:483:21) {
  code: 'ETELEGRAM',
  response: <ref *1> IncomingMessage {
    _events: {
      close: [Array],
      error: [Function (anonymous)],
      data: [Function (anonymous)],
      end: [Array],
      readable: undefined
    },
    _readableState: ReadableState {
      highWaterMark: 16384,
      buffer: [],
      bufferIndex: 0,
      length: 0,
      pipes: [],
      awaitDrainWriters: null,
      [Symbol(kState)]: 194779004
    },
    _maxListeners: undefined,
    socket: null,
    httpVersionMajor: 1,
    httpVersionMinor: 1,
    httpVersion: '1.1',
    complete: true,
    rawHeaders: [
      'Server',
      'nginx/1.18.0',
      'Date',
      'Wed, 02 Apr 2025 02:08:36 GMT',
      'Content-Type',
      'application/json',
      'Content-Length',
      '73',
      'Connection',
      'keep-alive',
      'Strict-Transport-Security',
      'max-age=31536000; includeSubDomains; preload',
      'Access-Control-Allow-Origin',
      '*',
      'Access-Control-Expose-Headers',
      'Content-Length,Content-Type,Date,Server,Connection'
    ],
    rawTrailers: [],
    joinDuplicateHeaders: undefined,
    aborted: false,
    upgrade: false,
    url: '',
    method: null,
    statusCode: 400,
    statusMessage: 'Bad Request',
    client: TLSSocket {
      _tlsOptions: [Object],
      _secureEstablished: true,
      _securePending: false,
      _newSessionPending: false,
      _controlReleased: true,
      secureConnecting: false,
      _SNICallback: null,
      servername: 'api.telegram.org',
      alpnProtocol: false,
      authorized: true,
      authorizationError: null,
      encrypted: true,
      _events: [Object: null prototype],
      _eventsCount: 9,
      connecting: false,
      _hadError: false,
      _parent: null,
      _host: 'api.telegram.org',
      _closeAfterHandlingError: false,
      _readableState: [ReadableState],
      _writableState: [WritableState],
      allowHalfOpen: false,
      _maxListeners: undefined,
      _sockname: null,
      _pendingData: null,
      _pendingEncoding: '',
      server: undefined,
      _server: null,
      ssl: [TLSWrap],
      _requestCert: true,
      _rejectUnauthorized: true,
      parser: null,
      _httpMessage: null,
      autoSelectFamilyAttemptedAddresses: [Array],
      timeout: 0,
      [Symbol(alpncallback)]: null,
      [Symbol(res)]: [TLSWrap],
      [Symbol(verified)]: true,
      [Symbol(pendingSession)]: null,
      [Symbol(async_id_symbol)]: -1,
      [Symbol(kHandle)]: [TLSWrap],
      [Symbol(lastWriteQueueSize)]: 0,
      [Symbol(timeout)]: null,
      [Symbol(kBuffer)]: null,
      [Symbol(kBufferCb)]: null,
      [Symbol(kBufferGen)]: null,
      [Symbol(shapeMode)]: true,
      [Symbol(kCapture)]: false,
      [Symbol(kSetNoDelay)]: false,
      [Symbol(kSetKeepAlive)]: true,
      [Symbol(kSetKeepAliveInitialDelay)]: 1,
      [Symbol(kBytesRead)]: 0,
      [Symbol(kBytesWritten)]: 0,
      [Symbol(connect-options)]: [Object]
    },
    _consuming: false,
    _dumped: false,
    req: ClientRequest {
      _events: [Object: null prototype],
      _eventsCount: 5,
      _maxListeners: undefined,
      outputData: [],
      outputSize: 0,
      writable: true,
      destroyed: true,
      _last: false,
      chunkedEncoding: false,
      shouldKeepAlive: true,
      maxRequestsOnConnectionReached: false,
      _defaultKeepAlive: true,
      useChunkedEncodingByDefault: true,
      sendDate: false,
      _removedConnection: false,
      _removedContLen: false,
      _removedTE: false,
      strictContentLength: false,
      _contentLength: 212,
      _hasBody: true,
      _trailer: '',
      finished: true,
      _headerSent: true,
      _closed: true,
      socket: [TLSSocket],
      _header: 'POST /bot7610776224:AAE7AO7BVgBCEyQ9HgcOWEBzu-9awFvx7S0/sendMessage HTTP/1.1\r\n' +
        'host: api.telegram.org\r\n' +
        'content-type: application/x-www-form-urlencoded\r\n' +
        'content-length: 212\r\n' +
        'Connection: keep-alive\r\n' +
        '\r\n',
      _keepAliveTimeout: 0,
      _onPendingData: [Function: nop],
      agent: [Agent],
      socketPath: undefined,
      method: 'POST',
      maxHeaderSize: undefined,
      insecureHTTPParser: undefined,
      joinDuplicateHeaders: undefined,
      path: '/bot7610776224:AAE7AO7BVgBCEyQ9HgcOWEBzu-9awFvx7S0/sendMessage',
      _ended: true,
      res: [Circular *1],
      aborted: false,
      timeoutCb: null,
      upgradeOrConnect: false,
      parser: null,
      maxHeadersCount: null,
      reusedSocket: true,
      host: 'api.telegram.org',
      protocol: 'https:',
      [Symbol(shapeMode)]: false,
      [Symbol(kCapture)]: false,
      [Symbol(kBytesWritten)]: 0,
      [Symbol(kNeedDrain)]: false,
      [Symbol(corked)]: 0,
      [Symbol(kOutHeaders)]: [Object: null prototype],
      [Symbol(errored)]: null,
      [Symbol(kHighWaterMark)]: 16384,
      [Symbol(kRejectNonStandardBodyWrites)]: false,
      [Symbol(kUniqueHeaders)]: null
    },
    _eventsCount: 4,
    request: Request {
      _events: [Object: null prototype],
      _eventsCount: 5,
      _maxListeners: undefined,
      method: 'POST',
      simple: false,
      resolveWithFullResponse: true,
      forever: true,
      readable: true,
      writable: true,
      explicitMethod: true,
      _qs: [Querystring],
      _auth: [Auth],
      _multipart: [Multipart],
      _redirect: [Redirect],
      _tunnel: [Tunnel],
      _rp_resolve: [Function (anonymous)],
      _rp_reject: [Function (anonymous)],
      _rp_promise: [Promise [Object]],
      _rp_callbackOrig: undefined,
      callback: [Function (anonymous)],
      _rp_options: [Object],
      headers: [Object],
      setHeader: [Function (anonymous)],
      hasHeader: [Function (anonymous)],
      getHeader: [Function (anonymous)],
      removeHeader: [Function (anonymous)],
      localAddress: undefined,
      pool: [Object],
      dests: [],
      __isRequestRequest: true,
      _callback: [Function: RP$callback],
      uri: [Url],
      proxy: null,
      tunnel: true,
      setHost: true,
      originalCookieHeader: undefined,
      _disableCookies: true,
      _jar: undefined,
      port: 443,
      host: 'api.telegram.org',
      body: 'parse_mode=Markdown&chat_id=123456789&text=%2ATelegram%20Integration%20Test%2A%0A%0AThis%20is%20a%20test%20notification%20sent%20at%2009%3A08%3A34%20to%20verify%20Telegram%20integration%20is%20working%20properly.',
      path: '/bot7610776224:AAE7AO7BVgBCEyQ9HgcOWEBzu-9awFvx7S0/sendMessage',
      httpModule: [Object],
      agentClass: [Function: Agent],
      agentOptions: [Object],
      agent: [Agent],
      _started: true,
      href: 'https://api.telegram.org/bot7610776224:AAE7AO7BVgBCEyQ9HgcOWEBzu-9awFvx7S0/sendMessage',
      req: [ClientRequest],
      ntick: true,
      response: [Circular *1],
      originalHost: 'api.telegram.org',
      originalHostHeaderName: 'host',
      responseContent: [Circular *1],
      _destdata: true,
      _ended: true,
      _callbackCalled: true,
      [Symbol(shapeMode)]: false,
      [Symbol(kCapture)]: false
    },
    toJSON: [Function: responseToJSON],
    caseless: Caseless { dict: [Object] },
    body: {
      ok: false,
      error_code: 400,
      description: 'Bad Request: chat not found'
    },
    [Symbol(shapeMode)]: true,
    [Symbol(kCapture)]: false,
    [Symbol(kHeaders)]: {
      server: 'nginx/1.18.0',
      date: 'Wed, 02 Apr 2025 02:08:36 GMT',
      'content-type': 'application/json',
      'content-length': '73',
      connection: 'keep-alive',
      'strict-transport-security': 'max-age=31536000; includeSubDomains; preload',
      'access-control-allow-origin': '*',
      'access-control-expose-headers': 'Content-Length,Content-Type,Date,Server,Connection'
    },
    [Symbol(kHeadersCount)]: 16,
    [Symbol(kTrailers)]: null,
    [Symbol(kTrailersCount)]: 0
  }
}
2025-04-27 20:08:58: QueueUrl=https://sqs.ap-southeast-1.amazonaws.com/235494793385/LC-Reports-Queue differs from SQSClient resolved endpoint=https://sqs.us-east-1.amazonaws.com/, using QueueUrl host as endpoint.
Set [endpoint=string] or [useQueueUrlAsEndpoint=false] on the SQSClient.
2025-04-27 20:08:58: Error in worker loop: SignatureDoesNotMatch: Credential should be scoped to a valid region. 
    at throwDefaultError (/home/pkflutter/project/LC-Report/lc-opd-daily/node_modules/@smithy/smithy-client/dist-cjs/index.js:867:20)
    at /home/pkflutter/project/LC-Report/lc-opd-daily/node_modules/@smithy/smithy-client/dist-cjs/index.js:876:5
    at de_CommandError (/home/pkflutter/project/LC-Report/lc-opd-daily/node_modules/@aws-sdk/client-sqs/dist-cjs/index.js:1309:14)
    at process.processTicksAndRejections (node:internal/process/task_queues:95:5)
    at async /home/pkflutter/project/LC-Report/lc-opd-daily/node_modules/@smithy/middleware-serde/dist-cjs/index.js:35:20
    at async /home/pkflutter/project/LC-Report/lc-opd-daily/node_modules/@smithy/core/dist-cjs/index.js:167:18
    at async /home/pkflutter/project/LC-Report/lc-opd-daily/node_modules/@smithy/middleware-retry/dist-cjs/index.js:320:38
    at async /home/pkflutter/project/LC-Report/lc-opd-daily/node_modules/@aws-sdk/middleware-sdk-sqs/dist-cjs/index.js:93:18
    at async /home/pkflutter/project/LC-Report/lc-opd-daily/node_modules/@aws-sdk/client-sqs/node_modules/@aws-sdk/middleware-logger/dist-cjs/index.js:33:22
    at async startWorker (file:///home/pkflutter/project/LC-Report/lc-opd-daily/scripts/standalone-worker.js:213:24) {
  '$fault': 'client',
  '$metadata': {
    httpStatusCode: 403,
    requestId: '3a80a7cf-919e-5dd0-b178-c747bf354e32',
    extendedRequestId: undefined,
    cfId: undefined,
    attempts: 1,
    totalRetryDelay: 0
  },
  __type: 'com.amazon.coral.service#InvalidSignatureException',
  Code: 'SignatureDoesNotMatch',
  Type: 'Sender'
}
2025-04-27 20:09:04: QueueUrl=https://sqs.ap-southeast-1.amazonaws.com/235494793385/LC-Reports-Queue differs from SQSClient resolved endpoint=https://sqs.us-east-1.amazonaws.com/, using QueueUrl host as endpoint.
Set [endpoint=string] or [useQueueUrlAsEndpoint=false] on the SQSClient.
2025-04-27 20:09:04: Error in worker loop: SignatureDoesNotMatch: Credential should be scoped to a valid region. 
    at throwDefaultError (/home/pkflutter/project/LC-Report/lc-opd-daily/node_modules/@smithy/smithy-client/dist-cjs/index.js:867:20)
    at /home/pkflutter/project/LC-Report/lc-opd-daily/node_modules/@smithy/smithy-client/dist-cjs/index.js:876:5
    at de_CommandError (/home/pkflutter/project/LC-Report/lc-opd-daily/node_modules/@aws-sdk/client-sqs/dist-cjs/index.js:1309:14)
    at process.processTicksAndRejections (node:internal/process/task_queues:95:5)
    at async /home/pkflutter/project/LC-Report/lc-opd-daily/node_modules/@smithy/middleware-serde/dist-cjs/index.js:35:20
    at async /home/pkflutter/project/LC-Report/lc-opd-daily/node_modules/@smithy/core/dist-cjs/index.js:167:18
    at async /home/pkflutter/project/LC-Report/lc-opd-daily/node_modules/@smithy/middleware-retry/dist-cjs/index.js:320:38
    at async /home/pkflutter/project/LC-Report/lc-opd-daily/node_modules/@aws-sdk/middleware-sdk-sqs/dist-cjs/index.js:93:18
    at async /home/pkflutter/project/LC-Report/lc-opd-daily/node_modules/@aws-sdk/client-sqs/node_modules/@aws-sdk/middleware-logger/dist-cjs/index.js:33:22
    at async startWorker (file:///home/pkflutter/project/LC-Report/lc-opd-daily/scripts/standalone-worker.js:213:24) {
  '$fault': 'client',
  '$metadata': {
    httpStatusCode: 403,
    requestId: '1cdbadcf-5dc5-5718-8638-cd47737520ba',
    extendedRequestId: undefined,
    cfId: undefined,
    attempts: 1,
    totalRetryDelay: 0
  },
  __type: 'com.amazon.coral.service#InvalidSignatureException',
  Code: 'SignatureDoesNotMatch',
  Type: 'Sender'
}
2025-04-27 20:09:09: QueueUrl=https://sqs.ap-southeast-1.amazonaws.com/235494793385/LC-Reports-Queue differs from SQSClient resolved endpoint=https://sqs.us-east-1.amazonaws.com/, using QueueUrl host as endpoint.
Set [endpoint=string] or [useQueueUrlAsEndpoint=false] on the SQSClient.
2025-04-27 20:09:09: Error in worker loop: SignatureDoesNotMatch: Credential should be scoped to a valid region. 
    at throwDefaultError (/home/pkflutter/project/LC-Report/lc-opd-daily/node_modules/@smithy/smithy-client/dist-cjs/index.js:867:20)
    at /home/pkflutter/project/LC-Report/lc-opd-daily/node_modules/@smithy/smithy-client/dist-cjs/index.js:876:5
    at de_CommandError (/home/pkflutter/project/LC-Report/lc-opd-daily/node_modules/@aws-sdk/client-sqs/dist-cjs/index.js:1309:14)
    at process.processTicksAndRejections (node:internal/process/task_queues:95:5)
    at async /home/pkflutter/project/LC-Report/lc-opd-daily/node_modules/@smithy/middleware-serde/dist-cjs/index.js:35:20
    at async /home/pkflutter/project/LC-Report/lc-opd-daily/node_modules/@smithy/core/dist-cjs/index.js:167:18
    at async /home/pkflutter/project/LC-Report/lc-opd-daily/node_modules/@smithy/middleware-retry/dist-cjs/index.js:320:38
    at async /home/pkflutter/project/LC-Report/lc-opd-daily/node_modules/@aws-sdk/middleware-sdk-sqs/dist-cjs/index.js:93:18
    at async /home/pkflutter/project/LC-Report/lc-opd-daily/node_modules/@aws-sdk/client-sqs/node_modules/@aws-sdk/middleware-logger/dist-cjs/index.js:33:22
    at async startWorker (file:///home/pkflutter/project/LC-Report/lc-opd-daily/scripts/standalone-worker.js:213:24) {
  '$fault': 'client',
  '$metadata': {
    httpStatusCode: 403,
    requestId: 'b3ebc6bb-1040-5c1c-8ce4-a6333ef6d203',
    extendedRequestId: undefined,
    cfId: undefined,
    attempts: 1,
    totalRetryDelay: 0
  },
  __type: 'com.amazon.coral.service#InvalidSignatureException',
  Code: 'SignatureDoesNotMatch',
  Type: 'Sender'
}
2025-04-27 20:09:14: QueueUrl=https://sqs.ap-southeast-1.amazonaws.com/235494793385/LC-Reports-Queue differs from SQSClient resolved endpoint=https://sqs.us-east-1.amazonaws.com/, using QueueUrl host as endpoint.
Set [endpoint=string] or [useQueueUrlAsEndpoint=false] on the SQSClient.
2025-04-27 20:09:14: Error in worker loop: SignatureDoesNotMatch: Credential should be scoped to a valid region. 
    at throwDefaultError (/home/pkflutter/project/LC-Report/lc-opd-daily/node_modules/@smithy/smithy-client/dist-cjs/index.js:867:20)
    at /home/pkflutter/project/LC-Report/lc-opd-daily/node_modules/@smithy/smithy-client/dist-cjs/index.js:876:5
    at de_CommandError (/home/pkflutter/project/LC-Report/lc-opd-daily/node_modules/@aws-sdk/client-sqs/dist-cjs/index.js:1309:14)
    at process.processTicksAndRejections (node:internal/process/task_queues:95:5)
    at async /home/pkflutter/project/LC-Report/lc-opd-daily/node_modules/@smithy/middleware-serde/dist-cjs/index.js:35:20
    at async /home/pkflutter/project/LC-Report/lc-opd-daily/node_modules/@smithy/core/dist-cjs/index.js:167:18
    at async /home/pkflutter/project/LC-Report/lc-opd-daily/node_modules/@smithy/middleware-retry/dist-cjs/index.js:320:38
    at async /home/pkflutter/project/LC-Report/lc-opd-daily/node_modules/@aws-sdk/middleware-sdk-sqs/dist-cjs/index.js:93:18
    at async /home/pkflutter/project/LC-Report/lc-opd-daily/node_modules/@aws-sdk/client-sqs/node_modules/@aws-sdk/middleware-logger/dist-cjs/index.js:33:22
    at async startWorker (file:///home/pkflutter/project/LC-Report/lc-opd-daily/scripts/standalone-worker.js:213:24) {
  '$fault': 'client',
  '$metadata': {
    httpStatusCode: 403,
    requestId: 'fe4d16d0-8e7d-5028-8e52-7658a0c69d21',
    extendedRequestId: undefined,
    cfId: undefined,
    attempts: 1,
    totalRetryDelay: 0
  },
  __type: 'com.amazon.coral.service#InvalidSignatureException',
  Code: 'SignatureDoesNotMatch',
  Type: 'Sender'
}
2025-04-27 20:09:19: QueueUrl=https://sqs.ap-southeast-1.amazonaws.com/235494793385/LC-Reports-Queue differs from SQSClient resolved endpoint=https://sqs.us-east-1.amazonaws.com/, using QueueUrl host as endpoint.
Set [endpoint=string] or [useQueueUrlAsEndpoint=false] on the SQSClient.
2025-04-27 20:09:19: Error in worker loop: SignatureDoesNotMatch: Credential should be scoped to a valid region. 
    at throwDefaultError (/home/pkflutter/project/LC-Report/lc-opd-daily/node_modules/@smithy/smithy-client/dist-cjs/index.js:867:20)
    at /home/pkflutter/project/LC-Report/lc-opd-daily/node_modules/@smithy/smithy-client/dist-cjs/index.js:876:5
    at de_CommandError (/home/pkflutter/project/LC-Report/lc-opd-daily/node_modules/@aws-sdk/client-sqs/dist-cjs/index.js:1309:14)
    at process.processTicksAndRejections (node:internal/process/task_queues:95:5)
    at async /home/pkflutter/project/LC-Report/lc-opd-daily/node_modules/@smithy/middleware-serde/dist-cjs/index.js:35:20
    at async /home/pkflutter/project/LC-Report/lc-opd-daily/node_modules/@smithy/core/dist-cjs/index.js:167:18
    at async /home/pkflutter/project/LC-Report/lc-opd-daily/node_modules/@smithy/middleware-retry/dist-cjs/index.js:320:38
    at async /home/pkflutter/project/LC-Report/lc-opd-daily/node_modules/@aws-sdk/middleware-sdk-sqs/dist-cjs/index.js:93:18
    at async /home/pkflutter/project/LC-Report/lc-opd-daily/node_modules/@aws-sdk/client-sqs/node_modules/@aws-sdk/middleware-logger/dist-cjs/index.js:33:22
    at async startWorker (file:///home/pkflutter/project/LC-Report/lc-opd-daily/scripts/standalone-worker.js:213:24) {
  '$fault': 'client',
  '$metadata': {
    httpStatusCode: 403,
    requestId: '4571ed09-01b1-5623-9989-8d812f7125a1',
    extendedRequestId: undefined,
    cfId: undefined,
    attempts: 1,
    totalRetryDelay: 0
  },
  __type: 'com.amazon.coral.service#InvalidSignatureException',
  Code: 'SignatureDoesNotMatch',
  Type: 'Sender'
}
2025-04-27 20:09:24: QueueUrl=https://sqs.ap-southeast-1.amazonaws.com/235494793385/LC-Reports-Queue differs from SQSClient resolved endpoint=https://sqs.us-east-1.amazonaws.com/, using QueueUrl host as endpoint.
Set [endpoint=string] or [useQueueUrlAsEndpoint=false] on the SQSClient.
2025-04-27 20:09:24: Error in worker loop: SignatureDoesNotMatch: Credential should be scoped to a valid region. 
    at throwDefaultError (/home/pkflutter/project/LC-Report/lc-opd-daily/node_modules/@smithy/smithy-client/dist-cjs/index.js:867:20)
    at /home/pkflutter/project/LC-Report/lc-opd-daily/node_modules/@smithy/smithy-client/dist-cjs/index.js:876:5
    at de_CommandError (/home/pkflutter/project/LC-Report/lc-opd-daily/node_modules/@aws-sdk/client-sqs/dist-cjs/index.js:1309:14)
    at process.processTicksAndRejections (node:internal/process/task_queues:95:5)
    at async /home/pkflutter/project/LC-Report/lc-opd-daily/node_modules/@smithy/middleware-serde/dist-cjs/index.js:35:20
    at async /home/pkflutter/project/LC-Report/lc-opd-daily/node_modules/@smithy/core/dist-cjs/index.js:167:18
    at async /home/pkflutter/project/LC-Report/lc-opd-daily/node_modules/@smithy/middleware-retry/dist-cjs/index.js:320:38
    at async /home/pkflutter/project/LC-Report/lc-opd-daily/node_modules/@aws-sdk/middleware-sdk-sqs/dist-cjs/index.js:93:18
    at async /home/pkflutter/project/LC-Report/lc-opd-daily/node_modules/@aws-sdk/client-sqs/node_modules/@aws-sdk/middleware-logger/dist-cjs/index.js:33:22
    at async startWorker (file:///home/pkflutter/project/LC-Report/lc-opd-daily/scripts/standalone-worker.js:213:24) {
  '$fault': 'client',
  '$metadata': {
    httpStatusCode: 403,
    requestId: '0ae5ed46-bc6b-59e3-b421-8dce92ad58e6',
    extendedRequestId: undefined,
    cfId: undefined,
    attempts: 1,
    totalRetryDelay: 0
  },
  __type: 'com.amazon.coral.service#InvalidSignatureException',
  Code: 'SignatureDoesNotMatch',
  Type: 'Sender'
}
