2025-03-28 20:48:47: Web Push initialized with VAPID keys
2025-03-28 20:48:47: ======================================
2025-03-28 20:48:47: Starting standalone notification worker...
2025-03-28 20:48:47: Worker version: 1.0.0
2025-03-28 20:48:47: AWS Region: ap-southeast-1
2025-03-28 20:48:47: Queue URL: https://sqs.ap-southeast-1.amazonaws.com/235494793385/LC-Reports-Queue
2025-03-28 20:48:47: ======================================
2025-03-28 20:48:47: Polling for messages...
2025-03-28 20:48:47: Received 1 messages
2025-03-28 20:48:47: Processing message: 8d88cced-e7f2-4e6a-b678-67c2643941d7
2025-03-28 20:48:47: Processing notification of type SYSTEM_NOTIFICATION for 1 users
2025-03-28 20:48:47: Created 1 in-app notifications
2025-03-28 20:48:48: Message deleted from queue
2025-03-28 20:48:48: Polling for messages...
2025-03-28 20:48:48: Received 1 messages
2025-03-28 20:48:48: Processing message: 35da0a7e-5707-49a8-ac01-496b5362840a
2025-03-28 20:48:48: Processing notification of type SYSTEM_NOTIFICATION for 1 users
2025-03-28 20:48:48: Created 1 in-app notifications
2025-03-28 20:48:48: Message deleted from queue
2025-03-28 20:48:48: Polling for messages...
2025-03-28 20:49:09: No messages received, waiting before next poll
2025-03-28 20:49:14: Polling for messages...
2025-03-28 20:49:35: No messages received, waiting before next poll
2025-03-28 20:49:40: Polling for messages...
2025-03-28 20:49:59: No messages received, waiting before next poll
2025-03-28 20:50:04: Polling for messages...
2025-03-28 20:50:25: No messages received, waiting before next poll
2025-03-28 20:50:30: Polling for messages...
2025-03-28 20:50:51: No messages received, waiting before next poll
2025-03-28 20:50:56: Polling for messages...
2025-03-28 20:51:15: No messages received, waiting before next poll
2025-03-28 20:51:23: Polling for messages...
2025-03-28 20:51:41: No messages received, waiting before next poll
2025-03-28 20:51:46: Polling for messages...
2025-03-28 20:52:07: No messages received, waiting before next poll
2025-03-28 20:52:12: Polling for messages...
2025-03-28 20:52:34: No messages received, waiting before next poll
2025-03-28 20:52:39: Polling for messages...
2025-03-28 20:52:57: No messages received, waiting before next poll
2025-03-28 20:53:02: Polling for messages...
2025-03-28 20:53:23: No messages received, waiting before next poll
2025-03-28 20:53:28: Polling for messages...
2025-03-28 20:53:50: No messages received, waiting before next poll
2025-03-28 20:53:55: Polling for messages...
2025-03-28 20:54:13: No messages received, waiting before next poll
2025-03-28 20:54:21: Polling for messages...
2025-03-28 20:54:39: No messages received, waiting before next poll
2025-03-28 20:54:44: Polling for messages...
2025-03-28 20:55:06: No messages received, waiting before next poll
2025-03-28 20:55:11: Polling for messages...
2025-03-28 20:55:32: No messages received, waiting before next poll
2025-03-28 20:55:37: Polling for messages...
2025-03-28 20:55:55: No messages received, waiting before next poll
2025-03-28 20:56:03: Polling for messages...
2025-03-28 20:56:22: No messages received, waiting before next poll
2025-03-28 20:56:27: Polling for messages...
2025-03-28 20:56:48: No messages received, waiting before next poll
2025-03-28 20:56:53: Polling for messages...
2025-03-28 20:57:14: No messages received, waiting before next poll
2025-03-28 20:57:19: Polling for messages...
2025-03-28 20:57:38: No messages received, waiting before next poll
2025-03-28 20:57:43: Polling for messages...
2025-03-28 20:58:04: No messages received, waiting before next poll
2025-03-28 20:58:09: Polling for messages...
2025-03-28 20:58:31: No messages received, waiting before next poll
2025-03-28 20:58:36: Polling for messages...
2025-03-28 20:58:54: No messages received, waiting before next poll
2025-03-28 20:59:02: Polling for messages...
2025-03-28 20:59:20: No messages received, waiting before next poll
2025-03-28 20:59:25: Polling for messages...
2025-03-28 20:59:47: No messages received, waiting before next poll
2025-03-28 20:59:52: Polling for messages...
2025-03-28 21:00:13: No messages received, waiting before next poll
2025-03-28 21:00:18: Polling for messages...
2025-03-28 21:00:36: No messages received, waiting before next poll
2025-03-28 21:00:44: Polling for messages...
2025-03-28 21:01:03: No messages received, waiting before next poll
2025-03-28 21:01:08: Polling for messages...
2025-03-28 21:01:29: No messages received, waiting before next poll
2025-03-28 21:01:34: Polling for messages...
2025-03-28 21:01:55: No messages received, waiting before next poll
2025-03-28 21:02:00: Polling for messages...
2025-03-28 21:02:19: No messages received, waiting before next poll
2025-03-28 21:02:24: Polling for messages...
2025-03-28 21:02:45: No messages received, waiting before next poll
2025-03-28 21:02:50: Polling for messages...
2025-03-28 21:03:11: No messages received, waiting before next poll
2025-03-28 21:03:16: Polling for messages...
2025-03-28 21:03:35: No messages received, waiting before next poll
2025-03-28 21:03:43: Polling for messages...
2025-03-28 21:04:01: No messages received, waiting before next poll
2025-03-28 21:04:06: Polling for messages...
2025-03-28 21:04:27: No messages received, waiting before next poll
2025-03-28 21:04:32: Polling for messages...
2025-03-28 21:04:54: No messages received, waiting before next poll
2025-03-28 21:04:59: Polling for messages...
2025-03-28 21:05:17: No messages received, waiting before next poll
2025-03-28 21:05:25: Polling for messages...
2025-03-28 21:05:43: No messages received, waiting before next poll
2025-03-28 21:05:48: Polling for messages...
2025-03-28 21:06:10: No messages received, waiting before next poll
2025-03-28 21:06:15: Polling for messages...
2025-03-28 21:06:36: No messages received, waiting before next poll
2025-03-28 21:06:41: Polling for messages...
2025-03-28 21:07:00: No messages received, waiting before next poll
2025-03-28 21:07:05: Polling for messages...
2025-03-28 21:07:26: No messages received, waiting before next poll
2025-03-28 21:07:31: Polling for messages...
2025-03-28 21:07:52: No messages received, waiting before next poll
2025-03-28 21:07:57: Polling for messages...
2025-03-28 21:08:15: No messages received, waiting before next poll
2025-03-28 21:08:24: Polling for messages...
2025-03-28 21:08:42: No messages received, waiting before next poll
2025-03-28 21:08:47: Polling for messages...
2025-03-28 21:09:08: No messages received, waiting before next poll
2025-03-28 21:09:13: Polling for messages...
2025-03-28 21:09:35: No messages received, waiting before next poll
2025-03-28 21:09:40: Polling for messages...
2025-03-28 21:09:58: No messages received, waiting before next poll
2025-03-28 21:10:03: Polling for messages...
2025-03-28 21:10:25: No messages received, waiting before next poll
2025-03-28 21:10:30: Polling for messages...
2025-03-28 21:10:51: No messages received, waiting before next poll
2025-03-28 21:10:56: Polling for messages...
2025-03-28 21:11:14: No messages received, waiting before next poll
2025-03-28 21:11:19: Polling for messages...
2025-03-28 21:11:43: No messages received, waiting before next poll
2025-03-28 21:11:48: Polling for messages...
2025-03-28 21:12:06: No messages received, waiting before next poll
2025-03-28 21:12:14: Polling for messages...
2025-03-28 21:12:32: No messages received, waiting before next poll
2025-03-28 21:12:37: Polling for messages...
2025-04-02 00:20:04: Web Push initialized with VAPID keys
2025-04-02 00:20:04: ======================================
2025-04-02 00:20:04: Starting standalone notification worker...
2025-04-02 00:20:04: Worker version: 1.0.0
2025-04-02 00:20:04: AWS Region: ap-southeast-1
2025-04-02 00:20:04: Queue URL: https://sqs.ap-southeast-1.amazonaws.com/235494793385/LC-Reports-Queue
2025-04-02 00:20:04: ======================================
2025-04-02 00:20:04: Polling for messages...
2025-04-02 00:20:25: No messages received, waiting before next poll
2025-04-02 00:20:30: Polling for messages...
2025-04-02 00:20:49: No messages received, waiting before next poll
2025-04-02 00:20:55: Polling for messages...
2025-04-02 00:21:15: No messages received, waiting before next poll
2025-04-02 00:21:20: Polling for messages...
2025-04-02 00:21:40: No messages received, waiting before next poll
2025-04-02 00:21:45: Polling for messages...
2025-04-02 00:22:06: No messages received, waiting before next poll
2025-04-02 00:22:11: Polling for messages...
2025-04-02 00:22:30: No messages received, waiting before next poll
2025-04-02 00:22:36: Polling for messages...
2025-04-02 00:22:55: No messages received, waiting before next poll
2025-04-02 00:23:00: Polling for messages...
2025-04-02 00:23:21: No messages received, waiting before next poll
2025-04-02 00:23:26: Polling for messages...
2025-04-02 00:23:47: No messages received, waiting before next poll
2025-04-02 00:23:52: Polling for messages...
2025-04-02 00:24:11: No messages received, waiting before next poll
2025-04-02 00:24:17: Polling for messages...
2025-04-02 00:24:37: No messages received, waiting before next poll
2025-04-02 00:24:42: Polling for messages...
2025-04-02 00:25:02: No messages received, waiting before next poll
2025-04-02 00:25:07: Polling for messages...
2025-04-02 00:25:28: No messages received, waiting before next poll
2025-04-02 00:25:33: Polling for messages...
2025-04-02 00:25:52: No messages received, waiting before next poll
2025-04-02 00:25:59: Polling for messages...
2025-04-02 00:26:10: Received 1 messages
2025-04-02 00:26:10: Processing message: c9c0b121-d34b-466d-8e52-c71de36c70d0
2025-04-02 00:26:10: Processing notification of type SYSTEM_NOTIFICATION for 12 users
2025-04-02 00:26:10: Created 12 in-app notifications
2025-04-02 00:26:10: Message deleted from queue
2025-04-02 00:26:10: Polling for messages...
2025-04-02 00:26:31: No messages received, waiting before next poll
2025-04-02 00:26:36: Polling for messages...
2025-04-02 00:26:55: No messages received, waiting before next poll
2025-04-02 00:27:00: Polling for messages...
2025-04-02 00:27:21: No messages received, waiting before next poll
2025-04-02 00:27:26: Polling for messages...
2025-04-02 00:27:46: No messages received, waiting before next poll
2025-04-02 00:27:51: Polling for messages...
2025-04-02 00:28:12: No messages received, waiting before next poll
2025-04-02 00:28:17: Polling for messages...
2025-04-02 00:28:36: No messages received, waiting before next poll
2025-04-02 00:28:43: Polling for messages...
2025-04-02 00:29:02: No messages received, waiting before next poll
2025-04-02 00:29:07: Polling for messages...
2025-04-02 00:29:27: No messages received, waiting before next poll
2025-04-02 00:29:32: Polling for messages...
2025-04-02 00:29:53: No messages received, waiting before next poll
2025-04-02 00:29:58: Polling for messages...
2025-04-02 00:30:17: No messages received, waiting before next poll
2025-04-02 00:30:24: Polling for messages...
2025-04-02 00:30:43: No messages received, waiting before next poll
2025-04-02 00:30:48: Polling for messages...
2025-04-02 00:31:09: No messages received, waiting before next poll
2025-04-02 00:31:14: Polling for messages...
2025-04-02 00:31:34: No messages received, waiting before next poll
2025-04-02 00:31:39: Polling for messages...
2025-04-02 00:31:58: No messages received, waiting before next poll
2025-04-02 00:32:05: Polling for messages...
2025-04-02 06:58:47: No messages received, waiting before next poll
2025-04-02 06:58:52: Polling for messages...
2025-04-02 06:59:13: No messages received, waiting before next poll
2025-04-02 06:59:18: Polling for messages...
2025-04-02 06:59:37: No messages received, waiting before next poll
2025-04-02 06:59:44: Polling for messages...
2025-04-02 07:00:03: No messages received, waiting before next poll
2025-04-02 07:00:08: Polling for messages...
2025-04-02 07:00:29: No messages received, waiting before next poll
2025-04-02 07:00:34: Polling for messages...
2025-04-02 07:00:55: No messages received, waiting before next poll
2025-04-02 07:01:00: Polling for messages...
2025-04-02 07:01:19: No messages received, waiting before next poll
2025-04-02 07:01:25: Polling for messages...
2025-04-02 07:01:44: No messages received, waiting before next poll
2025-04-02 07:01:49: Polling for messages...
2025-04-02 07:02:10: No messages received, waiting before next poll
2025-04-02 07:02:15: Polling for messages...
2025-04-02 07:02:36: No messages received, waiting before next poll
2025-04-02 07:02:41: Polling for messages...
2025-04-02 07:03:01: No messages received, waiting before next poll
2025-04-02 07:03:08: Polling for messages...
2025-04-02 07:03:27: No messages received, waiting before next poll
2025-04-02 07:03:32: Polling for messages...
2025-04-02 07:03:53: No messages received, waiting before next poll
2025-04-02 07:03:58: Polling for messages...
2025-04-02 07:04:19: No messages received, waiting before next poll
2025-04-02 07:04:24: Polling for messages...
2025-04-02 07:04:43: No messages received, waiting before next poll
2025-04-02 07:04:50: Polling for messages...
2025-04-02 07:05:08: No messages received, waiting before next poll
2025-04-02 07:05:13: Polling for messages...
2025-04-02 07:05:34: No messages received, waiting before next poll
2025-04-02 07:05:39: Polling for messages...
2025-04-02 07:06:00: No messages received, waiting before next poll
2025-04-02 07:06:05: Polling for messages...
2025-04-02 07:06:24: No messages received, waiting before next poll
2025-04-02 07:06:31: Polling for messages...
2025-04-02 07:06:50: No messages received, waiting before next poll
2025-04-02 07:06:55: Polling for messages...
2025-04-02 07:07:16: No messages received, waiting before next poll
2025-04-02 07:07:21: Polling for messages...
2025-04-02 07:07:42: No messages received, waiting before next poll
2025-04-02 07:07:47: Polling for messages...
2025-04-02 07:08:06: No messages received, waiting before next poll
2025-04-02 07:08:13: Polling for messages...
2025-04-02 07:08:32: No messages received, waiting before next poll
2025-04-02 07:08:37: Polling for messages...
2025-04-02 07:08:57: No messages received, waiting before next poll
2025-04-02 07:09:02: Polling for messages...
2025-04-02 07:09:23: No messages received, waiting before next poll
2025-04-02 07:09:28: Polling for messages...
2025-04-02 07:09:47: No messages received, waiting before next poll
2025-04-02 07:09:52: Polling for messages...
2025-04-02 07:10:13: No messages received, waiting before next poll
2025-04-02 07:10:18: Polling for messages...
2025-04-02 07:10:39: No messages received, waiting before next poll
2025-04-02 07:10:44: Polling for messages...
2025-04-02 07:11:04: No messages received, waiting before next poll
2025-04-02 07:11:09: Polling for messages...
2025-04-02 07:11:29: No messages received, waiting before next poll
2025-04-02 07:11:34: Polling for messages...
2025-04-02 07:11:54: No messages received, waiting before next poll
2025-04-02 07:11:59: Polling for messages...
2025-04-02 07:12:20: No messages received, waiting before next poll
2025-04-02 07:12:25: Polling for messages...
2025-04-02 07:12:46: No messages received, waiting before next poll
2025-04-02 07:12:51: Polling for messages...
2025-04-02 07:13:10: No messages received, waiting before next poll
2025-04-02 07:13:15: Polling for messages...
2025-04-02 07:13:36: No messages received, waiting before next poll
2025-04-02 07:13:41: Polling for messages...
2025-04-02 07:14:02: No messages received, waiting before next poll
2025-04-02 07:14:07: Polling for messages...
2025-04-02 07:14:27: No messages received, waiting before next poll
2025-04-02 07:14:32: Polling for messages...
2025-04-02 07:14:51: No messages received, waiting before next poll
2025-04-02 07:14:56: Polling for messages...
2025-04-02 07:15:17: No messages received, waiting before next poll
2025-04-02 07:15:22: Polling for messages...
2025-04-02 07:15:43: No messages received, waiting before next poll
2025-04-02 07:15:48: Polling for messages...
2025-04-02 07:16:09: No messages received, waiting before next poll
2025-04-02 07:16:14: Polling for messages...
2025-04-02 07:16:33: No messages received, waiting before next poll
2025-04-02 07:16:38: Polling for messages...
2025-04-02 07:16:59: No messages received, waiting before next poll
2025-04-02 07:17:04: Polling for messages...
2025-04-02 07:17:24: No messages received, waiting before next poll
2025-04-02 07:17:29: Polling for messages...
2025-04-02 07:17:50: No messages received, waiting before next poll
2025-04-02 07:17:55: Polling for messages...
2025-04-02 07:18:14: No messages received, waiting before next poll
2025-04-02 07:18:19: Polling for messages...
2025-04-02 07:18:40: No messages received, waiting before next poll
2025-04-02 07:18:45: Polling for messages...
2025-04-02 07:19:06: No messages received, waiting before next poll
2025-04-02 07:19:11: Polling for messages...
2025-04-02 07:19:30: No messages received, waiting before next poll
2025-04-02 07:19:37: Polling for messages...
2025-04-02 07:19:56: No messages received, waiting before next poll
2025-04-02 07:20:01: Polling for messages...
2025-04-02 07:20:22: No messages received, waiting before next poll
2025-04-02 07:20:27: Polling for messages...
2025-04-02 07:20:47: No messages received, waiting before next poll
2025-04-02 07:20:52: Polling for messages...
2025-04-02 07:21:11: No messages received, waiting before next poll
2025-04-02 07:21:18: Polling for messages...
2025-04-02 07:21:37: No messages received, waiting before next poll
2025-04-02 07:21:42: Polling for messages...
2025-04-02 07:22:03: No messages received, waiting before next poll
2025-04-02 07:22:08: Polling for messages...
2025-04-02 07:22:29: No messages received, waiting before next poll
2025-04-02 07:22:34: Polling for messages...
2025-04-02 07:22:53: No messages received, waiting before next poll
2025-04-02 07:22:59: Polling for messages...
2025-04-02 07:23:18: No messages received, waiting before next poll
2025-04-02 07:23:23: Polling for messages...
2025-04-02 07:23:44: No messages received, waiting before next poll
2025-04-02 07:23:49: Polling for messages...
2025-04-02 07:24:10: No messages received, waiting before next poll
2025-04-02 07:24:15: Polling for messages...
2025-04-02 07:24:34: No messages received, waiting before next poll
2025-04-02 07:24:41: Polling for messages...
2025-04-02 07:25:00: No messages received, waiting before next poll
2025-04-02 07:25:05: Polling for messages...
2025-04-02 07:25:26: No messages received, waiting before next poll
2025-04-02 07:25:31: Polling for messages...
2025-04-02 07:25:52: No messages received, waiting before next poll
2025-04-02 07:25:57: Polling for messages...
2025-04-02 07:26:16: No messages received, waiting before next poll
2025-04-02 07:26:22: Polling for messages...
2025-04-02 07:26:41: No messages received, waiting before next poll
2025-04-02 07:26:46: Polling for messages...
2025-04-02 07:27:07: No messages received, waiting before next poll
2025-04-02 07:27:12: Polling for messages...
2025-04-02 07:27:33: No messages received, waiting before next poll
2025-04-02 07:27:38: Polling for messages...
2025-04-02 07:27:57: No messages received, waiting before next poll
2025-04-02 07:28:04: Polling for messages...
2025-04-02 07:28:23: No messages received, waiting before next poll
2025-04-02 07:28:28: Polling for messages...
2025-04-02 07:28:49: No messages received, waiting before next poll
2025-04-02 07:28:54: Polling for messages...
2025-04-02 07:29:15: No messages received, waiting before next poll
2025-04-02 07:29:20: Polling for messages...
2025-04-02 07:29:39: No messages received, waiting before next poll
2025-04-02 07:29:44: Polling for messages...
2025-04-02 07:30:04: No messages received, waiting before next poll
2025-04-02 07:30:09: Polling for messages...
2025-04-02 07:30:31: No messages received, waiting before next poll
2025-04-02 07:30:36: Polling for messages...
2025-04-02 07:30:56: No messages received, waiting before next poll
2025-04-02 07:31:01: Polling for messages...
2025-04-02 07:31:19: No messages received, waiting before next poll
2025-04-02 07:31:24: Polling for messages...
2025-04-02 07:31:46: No messages received, waiting before next poll
2025-04-02 07:31:51: Polling for messages...
2025-04-02 07:32:12: No messages received, waiting before next poll
2025-04-02 07:32:17: Polling for messages...
2025-04-02 07:32:38: No messages received, waiting before next poll
2025-04-02 07:32:43: Polling for messages...
2025-04-02 07:33:02: No messages received, waiting before next poll
2025-04-02 07:33:07: Polling for messages...
2025-04-02 07:33:28: No messages received, waiting before next poll
2025-04-02 07:33:33: Polling for messages...
2025-04-02 07:33:54: No messages received, waiting before next poll
2025-04-02 07:33:59: Polling for messages...
2025-04-02 07:34:18: No messages received, waiting before next poll
2025-04-02 07:34:25: Polling for messages...
2025-04-02 07:34:43: No messages received, waiting before next poll
2025-04-02 07:34:48: Polling for messages...
2025-04-02 07:35:09: No messages received, waiting before next poll
2025-04-02 07:35:14: Polling for messages...
2025-04-02 07:35:35: No messages received, waiting before next poll
2025-04-02 07:35:40: Polling for messages...
2025-04-02 07:35:59: No messages received, waiting before next poll
2025-04-02 07:36:06: Polling for messages...
2025-04-02 07:36:25: No messages received, waiting before next poll
2025-04-02 07:36:30: Polling for messages...
2025-04-02 07:36:51: No messages received, waiting before next poll
2025-04-02 07:36:56: Polling for messages...
2025-04-02 07:37:17: No messages received, waiting before next poll
2025-04-02 07:37:22: Polling for messages...
2025-04-02 07:37:41: No messages received, waiting before next poll
2025-04-02 07:37:48: Polling for messages...
2025-04-02 07:38:06: No messages received, waiting before next poll
2025-04-02 07:38:11: Polling for messages...
2025-04-02 07:38:32: No messages received, waiting before next poll
2025-04-02 07:38:37: Polling for messages...
2025-04-02 07:38:59: No messages received, waiting before next poll
2025-04-02 07:39:04: Polling for messages...
2025-04-02 07:39:22: No messages received, waiting before next poll
2025-04-02 07:39:29: Polling for messages...
2025-04-02 07:39:48: No messages received, waiting before next poll
2025-04-02 07:39:53: Polling for messages...
2025-04-02 07:40:14: No messages received, waiting before next poll
2025-04-02 07:40:19: Polling for messages...
2025-04-02 07:40:40: No messages received, waiting before next poll
2025-04-02 07:40:45: Polling for messages...
2025-04-02 07:41:04: No messages received, waiting before next poll
2025-04-02 07:41:11: Polling for messages...
2025-04-02 07:41:30: No messages received, waiting before next poll
2025-04-02 07:41:35: Polling for messages...
2025-04-02 07:41:56: No messages received, waiting before next poll
2025-04-02 07:42:01: Polling for messages...
2025-04-02 07:42:21: No messages received, waiting before next poll
2025-04-02 07:42:26: Polling for messages...
2025-04-02 07:42:46: No messages received, waiting before next poll
2025-04-02 07:42:52: Polling for messages...
2025-04-02 07:43:11: No messages received, waiting before next poll
2025-04-02 07:43:16: Polling for messages...
2025-04-02 07:43:37: No messages received, waiting before next poll
2025-04-02 07:43:42: Polling for messages...
2025-04-02 07:44:03: No messages received, waiting before next poll
2025-04-02 07:44:08: Polling for messages...
2025-04-02 07:44:27: No messages received, waiting before next poll
2025-04-02 07:44:32: Polling for messages...
2025-04-02 07:44:52: No messages received, waiting before next poll
2025-04-02 07:44:57: Polling for messages...
2025-04-02 07:45:18: No messages received, waiting before next poll
2025-04-02 07:45:23: Polling for messages...
2025-04-02 07:45:44: No messages received, waiting before next poll
2025-04-02 07:45:49: Polling for messages...
2025-04-02 07:46:08: No messages received, waiting before next poll
2025-04-02 07:46:13: Polling for messages...
2025-04-02 07:46:34: No messages received, waiting before next poll
2025-04-02 07:46:39: Polling for messages...
2025-04-02 07:47:00: No messages received, waiting before next poll
2025-04-02 07:47:05: Polling for messages...
2025-04-02 07:47:26: No messages received, waiting before next poll
2025-04-02 07:47:31: Polling for messages...
2025-04-02 07:47:49: No messages received, waiting before next poll
2025-04-02 07:47:54: Polling for messages...
2025-04-02 07:48:15: No messages received, waiting before next poll
2025-04-02 07:48:20: Polling for messages...
2025-04-02 07:48:41: No messages received, waiting before next poll
2025-04-02 07:48:46: Polling for messages...
2025-04-02 07:49:07: No messages received, waiting before next poll
2025-04-02 07:49:12: Polling for messages...
2025-04-02 07:49:31: No messages received, waiting before next poll
2025-04-02 07:49:36: Polling for messages...
2025-04-02 07:49:56: No messages received, waiting before next poll
2025-04-02 07:50:01: Polling for messages...
2025-04-02 07:50:23: No messages received, waiting before next poll
2025-04-02 07:50:28: Polling for messages...
2025-04-02 07:50:48: No messages received, waiting before next poll
2025-04-02 07:50:53: Polling for messages...
2025-04-02 07:51:12: No messages received, waiting before next poll
2025-04-02 07:51:17: Polling for messages...
2025-04-02 07:51:38: No messages received, waiting before next poll
2025-04-02 07:51:43: Polling for messages...
2025-04-02 07:52:04: No messages received, waiting before next poll
2025-04-02 07:52:09: Polling for messages...
2025-04-02 07:52:28: No messages received, waiting before next poll
2025-04-02 07:52:35: Polling for messages...
2025-04-02 07:52:53: No messages received, waiting before next poll
2025-04-02 07:52:58: Polling for messages...
2025-04-02 07:53:19: No messages received, waiting before next poll
2025-04-02 07:53:24: Polling for messages...
2025-04-02 07:53:45: No messages received, waiting before next poll
2025-04-02 07:53:50: Polling for messages...
2025-04-02 07:54:09: No messages received, waiting before next poll
2025-04-02 07:54:16: Polling for messages...
2025-04-02 07:54:35: No messages received, waiting before next poll
2025-04-02 07:54:40: Polling for messages...
2025-04-02 07:55:01: No messages received, waiting before next poll
2025-04-02 07:55:06: Polling for messages...
2025-04-02 07:55:27: No messages received, waiting before next poll
2025-04-02 07:55:32: Polling for messages...
2025-04-02 07:55:51: No messages received, waiting before next poll
2025-04-02 07:55:57: Polling for messages...
2025-04-02 07:56:16: No messages received, waiting before next poll
2025-04-02 07:56:21: Polling for messages...
2025-04-02 07:56:42: No messages received, waiting before next poll
2025-04-02 07:56:47: Polling for messages...
2025-04-02 07:57:08: No messages received, waiting before next poll
2025-04-02 07:57:13: Polling for messages...
2025-04-02 07:57:32: No messages received, waiting before next poll
2025-04-02 07:57:39: Polling for messages...
2025-04-02 07:57:58: No messages received, waiting before next poll
2025-04-02 07:58:03: Polling for messages...
2025-04-02 07:58:24: No messages received, waiting before next poll
2025-04-02 07:58:29: Polling for messages...
2025-04-02 07:58:50: No messages received, waiting before next poll
2025-04-02 07:58:55: Polling for messages...
2025-04-02 07:59:14: No messages received, waiting before next poll
2025-04-02 07:59:20: Polling for messages...
2025-04-02 07:59:39: No messages received, waiting before next poll
2025-04-02 07:59:44: Polling for messages...
2025-04-02 08:00:05: No messages received, waiting before next poll
2025-04-02 08:00:10: Polling for messages...
2025-04-02 08:00:31: No messages received, waiting before next poll
2025-04-02 08:00:36: Polling for messages...
2025-04-02 08:00:55: No messages received, waiting before next poll
2025-04-02 08:01:02: Polling for messages...
2025-04-02 08:01:21: No messages received, waiting before next poll
2025-04-02 08:01:26: Polling for messages...
2025-04-02 08:01:46: No messages received, waiting before next poll
2025-04-02 08:01:51: Polling for messages...
2025-04-02 08:02:13: No messages received, waiting before next poll
2025-04-02 08:02:18: Polling for messages...
2025-04-02 08:02:36: No messages received, waiting before next poll
2025-04-02 08:02:43: Polling for messages...
2025-04-02 08:03:02: No messages received, waiting before next poll
2025-04-02 08:03:07: Polling for messages...
2025-04-02 08:03:28: No messages received, waiting before next poll
2025-04-02 08:03:33: Polling for messages...
2025-04-02 08:03:54: No messages received, waiting before next poll
2025-04-02 08:03:59: Polling for messages...
2025-04-02 08:04:18: No messages received, waiting before next poll
2025-04-02 08:04:23: Polling for messages...
2025-04-02 08:04:44: No messages received, waiting before next poll
2025-04-02 08:04:49: Polling for messages...
2025-04-02 08:05:10: No messages received, waiting before next poll
2025-04-02 08:05:15: Polling for messages...
2025-04-02 08:05:35: No messages received, waiting before next poll
2025-04-02 08:05:40: Polling for messages...
2025-04-02 08:05:59: No messages received, waiting before next poll
2025-04-02 08:06:04: Polling for messages...
2025-04-02 08:06:25: No messages received, waiting before next poll
2025-04-02 08:06:30: Polling for messages...
2025-04-02 08:06:51: No messages received, waiting before next poll
2025-04-02 08:06:56: Polling for messages...
2025-04-02 08:07:17: No messages received, waiting before next poll
2025-04-02 08:07:22: Polling for messages...
2025-04-02 08:07:41: No messages received, waiting before next poll
2025-04-02 08:07:46: Polling for messages...
2025-04-02 08:08:07: No messages received, waiting before next poll
2025-04-02 08:08:12: Polling for messages...
2025-04-02 08:08:36: No messages received, waiting before next poll
2025-04-02 08:08:41: Polling for messages...
2025-04-02 08:09:02: No messages received, waiting before next poll
2025-04-02 08:09:07: Polling for messages...
2025-04-02 08:09:25: No messages received, waiting before next poll
2025-04-02 08:09:32: Polling for messages...
2025-04-02 08:09:51: No messages received, waiting before next poll
2025-04-02 08:09:56: Polling for messages...
2025-04-02 08:10:17: No messages received, waiting before next poll
2025-04-02 08:10:22: Polling for messages...
2025-04-02 08:10:44: No messages received, waiting before next poll
2025-04-02 08:10:49: Polling for messages...
2025-04-02 08:11:07: No messages received, waiting before next poll
2025-04-02 08:11:12: Polling for messages...
2025-04-02 08:11:33: No messages received, waiting before next poll
2025-04-02 08:11:38: Polling for messages...
2025-04-02 08:11:59: No messages received, waiting before next poll
2025-04-02 08:12:04: Polling for messages...
2025-04-02 08:12:25: No messages received, waiting before next poll
2025-04-02 08:12:30: Polling for messages...
2025-04-02 08:12:49: No messages received, waiting before next poll
2025-04-02 08:12:54: Polling for messages...
2025-04-02 08:13:15: No messages received, waiting before next poll
2025-04-02 08:13:20: Polling for messages...
2025-04-02 08:13:41: No messages received, waiting before next poll
2025-04-02 08:13:46: Polling for messages...
2025-04-02 08:14:06: No messages received, waiting before next poll
2025-04-02 08:14:11: Polling for messages...
2025-04-02 08:14:30: No messages received, waiting before next poll
2025-04-02 08:14:35: Polling for messages...
2025-04-02 08:14:56: No messages received, waiting before next poll
2025-04-02 08:15:01: Polling for messages...
2025-04-02 08:15:22: No messages received, waiting before next poll
2025-04-02 08:15:27: Polling for messages...
2025-04-02 08:15:48: No messages received, waiting before next poll
2025-04-02 08:15:53: Polling for messages...
2025-04-02 08:16:12: No messages received, waiting before next poll
2025-04-02 08:16:17: Polling for messages...
2025-04-02 08:16:38: No messages received, waiting before next poll
2025-04-02 08:16:43: Polling for messages...
2025-04-02 08:17:03: No messages received, waiting before next poll
2025-04-02 08:17:08: Polling for messages...
2025-04-02 08:17:27: No messages received, waiting before next poll
2025-04-02 08:17:34: Polling for messages...
2025-04-02 08:17:53: No messages received, waiting before next poll
2025-04-02 08:17:58: Polling for messages...
2025-04-02 08:18:19: No messages received, waiting before next poll
2025-04-02 08:18:24: Polling for messages...
2025-04-02 08:18:45: No messages received, waiting before next poll
2025-04-02 08:18:50: Polling for messages...
2025-04-02 08:19:09: No messages received, waiting before next poll
2025-04-02 08:19:16: Polling for messages...
2025-04-02 08:19:35: No messages received, waiting before next poll
2025-04-02 08:19:40: Polling for messages...
2025-04-02 08:20:01: No messages received, waiting before next poll
2025-04-02 08:20:06: Polling for messages...
2025-04-02 08:20:27: No messages received, waiting before next poll
2025-04-02 08:20:32: Polling for messages...
2025-04-02 08:20:50: No messages received, waiting before next poll
2025-04-02 08:20:57: Polling for messages...
2025-04-02 08:21:16: No messages received, waiting before next poll
2025-04-02 08:21:21: Polling for messages...
2025-04-02 08:21:42: No messages received, waiting before next poll
2025-04-02 08:21:47: Polling for messages...
2025-04-02 08:22:08: No messages received, waiting before next poll
2025-04-02 08:22:13: Polling for messages...
2025-04-02 08:22:32: No messages received, waiting before next poll
2025-04-02 08:22:39: Polling for messages...
2025-04-02 08:22:57: No messages received, waiting before next poll
2025-04-02 08:23:02: Polling for messages...
2025-04-02 08:23:24: No messages received, waiting before next poll
2025-04-02 08:23:29: Polling for messages...
2025-04-02 08:23:49: No messages received, waiting before next poll
2025-04-02 08:23:54: Polling for messages...
2025-04-02 08:24:13: No messages received, waiting before next poll
2025-04-02 08:24:20: Polling for messages...
2025-04-02 08:24:39: No messages received, waiting before next poll
2025-04-02 08:24:44: Polling for messages...
2025-04-02 08:25:05: No messages received, waiting before next poll
2025-04-02 08:25:10: Polling for messages...
2025-04-02 08:25:31: No messages received, waiting before next poll
2025-04-02 08:25:36: Polling for messages...
2025-04-02 08:25:55: No messages received, waiting before next poll
2025-04-02 08:26:01: Polling for messages...
2025-04-02 08:26:20: No messages received, waiting before next poll
2025-04-02 08:26:25: Polling for messages...
2025-04-02 08:26:46: No messages received, waiting before next poll
2025-04-02 08:26:51: Polling for messages...
2025-04-02 08:27:12: No messages received, waiting before next poll
2025-04-02 08:27:17: Polling for messages...
2025-04-02 08:27:36: No messages received, waiting before next poll
2025-04-02 08:27:41: Polling for messages...
2025-04-02 08:28:02: No messages received, waiting before next poll
2025-04-02 08:28:07: Polling for messages...
2025-04-02 08:28:28: No messages received, waiting before next poll
2025-04-02 08:28:33: Polling for messages...
2025-04-02 08:28:54: No messages received, waiting before next poll
2025-04-02 08:28:59: Polling for messages...
2025-04-02 08:29:18: No messages received, waiting before next poll
2025-04-02 08:29:23: Polling for messages...
2025-04-02 08:29:43: No messages received, waiting before next poll
2025-04-02 08:29:48: Polling for messages...
2025-04-02 08:30:10: No messages received, waiting before next poll
2025-04-02 08:30:15: Polling for messages...
2025-04-02 08:30:35: No messages received, waiting before next poll
2025-04-02 08:30:40: Polling for messages...
2025-04-02 08:30:59: No messages received, waiting before next poll
2025-04-02 08:31:04: Polling for messages...
2025-04-02 08:31:25: No messages received, waiting before next poll
2025-04-02 08:31:30: Polling for messages...
2025-04-02 08:31:51: No messages received, waiting before next poll
2025-04-02 08:31:56: Polling for messages...
2025-04-02 08:32:17: No messages received, waiting before next poll
2025-04-02 08:32:22: Polling for messages...
2025-04-02 08:32:41: No messages received, waiting before next poll
2025-04-02 08:32:46: Polling for messages...
2025-04-02 08:33:07: No messages received, waiting before next poll
2025-04-02 08:33:12: Polling for messages...
2025-04-02 08:33:33: No messages received, waiting before next poll
2025-04-02 08:33:38: Polling for messages...
2025-04-02 08:33:57: No messages received, waiting before next poll
2025-04-02 08:34:04: Polling for messages...
2025-04-02 08:34:22: No messages received, waiting before next poll
2025-04-02 08:34:27: Polling for messages...
2025-04-02 08:34:48: No messages received, waiting before next poll
2025-04-02 08:34:53: Polling for messages...
2025-04-02 08:35:14: No messages received, waiting before next poll
2025-04-02 08:35:19: Polling for messages...
2025-04-02 08:35:38: No messages received, waiting before next poll
2025-04-02 08:35:45: Polling for messages...
2025-04-02 08:36:04: No messages received, waiting before next poll
2025-04-02 08:36:09: Polling for messages...
2025-04-02 08:36:29: No messages received, waiting before next poll
2025-04-02 08:36:34: Polling for messages...
2025-04-02 08:36:56: No messages received, waiting before next poll
2025-04-02 08:37:01: Polling for messages...
2025-04-02 08:37:19: No messages received, waiting before next poll
2025-04-02 08:37:27: Polling for messages...
2025-04-02 08:37:49: Web Push initialized with VAPID keys
2025-04-02 08:37:49: ======================================
2025-04-02 08:37:49: Starting standalone notification worker...
2025-04-02 08:37:49: Worker version: 1.0.0
2025-04-02 08:37:49: AWS Region: ap-southeast-1
2025-04-02 08:37:49: Queue URL: https://sqs.ap-southeast-1.amazonaws.com/235494793385/LC-Reports-Queue
2025-04-02 08:37:49: ======================================
2025-04-02 08:37:49: Polling for messages...
2025-04-02 08:38:10: No messages received, waiting before next poll
2025-04-02 08:38:15: Polling for messages...
2025-04-02 08:38:36: No messages received, waiting before next poll
2025-04-02 08:38:41: Polling for messages...
2025-04-02 08:39:00: No messages received, waiting before next poll
2025-04-02 08:39:05: Polling for messages...
2025-04-02 08:39:26: No messages received, waiting before next poll
2025-04-02 08:39:31: Polling for messages...
2025-04-02 08:39:51: No messages received, waiting before next poll
2025-04-02 08:39:56: Polling for messages...
2025-04-02 08:40:17: No messages received, waiting before next poll
2025-04-02 08:40:22: Polling for messages...
2025-04-02 08:40:41: No messages received, waiting before next poll
2025-04-02 08:40:46: Polling for messages...
2025-04-02 08:41:07: No messages received, waiting before next poll
2025-04-02 08:41:12: Polling for messages...
2025-04-02 08:41:33: No messages received, waiting before next poll
2025-04-02 08:41:38: Polling for messages...
2025-04-02 08:41:59: No messages received, waiting before next poll
2025-04-02 08:42:04: Polling for messages...
2025-04-02 08:42:23: No messages received, waiting before next poll
2025-04-02 08:42:28: Polling for messages...
2025-04-02 08:42:49: No messages received, waiting before next poll
2025-04-02 08:42:54: Polling for messages...
2025-04-02 08:43:15: No messages received, waiting before next poll
2025-04-02 08:43:20: Polling for messages...
2025-04-02 08:43:42: No messages received, waiting before next poll
2025-04-02 08:43:50: Polling for messages...
2025-04-02 08:44:09: No messages received, waiting before next poll
2025-04-02 08:44:14: Polling for messages...
2025-04-02 08:44:34: No messages received, waiting before next poll
2025-04-02 08:44:39: Polling for messages...
2025-04-02 08:44:59: No messages received, waiting before next poll
2025-04-02 08:45:04: Polling for messages...
2025-04-02 08:45:23: No messages received, waiting before next poll
2025-04-02 08:45:30: Polling for messages...
2025-04-02 08:45:49: No messages received, waiting before next poll
2025-04-02 08:45:50: Web Push initialized with VAPID keys
2025-04-02 08:45:50: ======================================
2025-04-02 08:45:50: Starting standalone notification worker...
2025-04-02 08:45:50: Worker version: 1.0.0
2025-04-02 08:45:50: AWS Region: ap-southeast-1
2025-04-02 08:45:50: Queue URL: https://sqs.ap-southeast-1.amazonaws.com/235494793385/LC-Reports-Queue
2025-04-02 08:45:50: ======================================
2025-04-02 08:45:50: Polling for messages...
2025-04-02 08:46:11: No messages received, waiting before next poll
2025-04-02 08:46:16: Polling for messages...
2025-04-02 08:46:37: No messages received, waiting before next poll
2025-04-02 08:46:42: Polling for messages...
2025-04-02 08:47:01: No messages received, waiting before next poll
2025-04-02 08:47:06: Polling for messages...
2025-04-02 08:47:26: No messages received, waiting before next poll
2025-04-02 08:47:31: Polling for messages...
2025-04-02 08:47:53: No messages received, waiting before next poll
2025-04-02 08:47:58: Polling for messages...
2025-04-02 08:48:19: No messages received, waiting before next poll
2025-04-02 08:49:00: Web Push initialized with VAPID keys
2025-04-02 08:49:00: ======================================
2025-04-02 08:49:00: Starting standalone notification worker...
2025-04-02 08:49:00: Worker version: 1.0.0
2025-04-02 08:49:00: AWS Region: ap-southeast-1
2025-04-02 08:49:00: Queue URL: https://sqs.ap-southeast-1.amazonaws.com/235494793385/LC-Reports-Queue
2025-04-02 08:49:00: ======================================
2025-04-02 08:49:00: Polling for messages...
2025-04-02 08:49:19: No messages received, waiting before next poll
2025-04-02 08:49:26: Polling for messages...
2025-04-02 08:49:45: No messages received, waiting before next poll
2025-04-02 08:49:50: Polling for messages...
2025-04-02 08:50:11: No messages received, waiting before next poll
2025-04-02 08:50:16: Polling for messages...
2025-04-02 08:50:37: No messages received, waiting before next poll
2025-04-02 08:50:42: Polling for messages...
2025-04-02 08:51:01: No messages received, waiting before next poll
2025-04-02 08:51:06: Polling for messages...
2025-04-02 08:51:26: No messages received, waiting before next poll
2025-04-02 08:51:31: Polling for messages...
2025-04-02 08:51:52: No messages received, waiting before next poll
2025-04-02 08:51:57: Polling for messages...
2025-04-02 08:52:18: No messages received, waiting before next poll
2025-04-02 08:52:23: Polling for messages...
2025-04-02 08:52:42: No messages received, waiting before next poll
2025-04-02 08:52:47: Polling for messages...
2025-04-02 08:53:07: No messages received, waiting before next poll
2025-04-02 08:53:12: Polling for messages...
2025-04-02 08:53:34: No messages received, waiting before next poll
2025-04-02 08:53:39: Polling for messages...
2025-04-02 08:54:00: No messages received, waiting before next poll
2025-04-02 08:54:05: Polling for messages...
2025-04-02 08:54:24: No messages received, waiting before next poll
2025-04-02 08:54:29: Polling for messages...
2025-04-02 08:54:50: No messages received, waiting before next poll
2025-04-02 08:54:55: Polling for messages...
2025-04-02 08:55:15: No messages received, waiting before next poll
2025-04-02 08:55:20: Polling for messages...
2025-04-02 08:55:39: No messages received, waiting before next poll
2025-04-02 08:55:46: Polling for messages...
2025-04-02 08:56:05: No messages received, waiting before next poll
2025-04-02 08:56:10: Polling for messages...
2025-04-02 08:56:31: No messages received, waiting before next poll
2025-04-02 08:56:36: Polling for messages...
2025-04-02 08:56:57: No messages received, waiting before next poll
2025-04-02 08:57:02: Polling for messages...
2025-04-02 08:57:21: No messages received, waiting before next poll
2025-04-02 08:57:27: Polling for messages...
2025-04-02 08:57:47: No messages received, waiting before next poll
2025-04-02 08:57:52: Polling for messages...
2025-04-02 08:58:13: No messages received, waiting before next poll
2025-04-02 08:58:18: Polling for messages...
2025-04-02 08:58:38: No messages received, waiting before next poll
2025-04-02 08:58:43: Polling for messages...
2025-04-02 08:58:52: Loading environment from /home/pkflutter/project/LC-Report/lc-opd-daily/.env.local
2025-04-02 08:58:52: Environment check:
2025-04-02 08:58:52: - TELEGRAM_BOT_TOKEN exists: true
2025-04-02 08:58:52: - TELEGRAM_BOT_USERNAME exists: true
2025-04-02 08:58:52: - AWS_REGION exists: true
2025-04-02 08:58:52: - AWS_SQS_NOTIFICATION_QUEUE_URL exists: true
2025-04-02 08:58:52: - Working directory: /home/pkflutter/project/LC-Report/lc-opd-daily
2025-04-02 08:58:52: - Project root: /home/pkflutter/project/LC-Report/lc-opd-daily
2025-04-02 08:58:52: Web Push initialized with VAPID keys
2025-04-02 08:58:52: Initializing Telegram bot with token: 76107...
2025-04-02 08:58:52: Telegram Bot initialized successfully.
2025-04-02 08:58:52: ======================================
2025-04-02 08:58:52: Starting standalone notification worker...
2025-04-02 08:58:52: Worker version: 1.0.0
2025-04-02 08:58:52: AWS Region: ap-southeast-1
2025-04-02 08:58:52: Queue URL: https://sqs.ap-southeast-1.amazonaws.com/235494793385/LC-Reports-Queue
2025-04-02 08:58:52: Telegram bot enabled: true
2025-04-02 08:58:52: ======================================
2025-04-02 08:58:52: Polling for messages...
2025-04-02 08:58:53: Connected to Telegram bot: @lc_eod_report_bot (closed_eod_report)
2025-04-02 08:59:13: No messages received, waiting before next poll
2025-04-02 08:59:18: Polling for messages...
2025-04-02 08:59:37: No messages received, waiting before next poll
2025-04-02 08:59:44: Polling for messages...
2025-04-02 09:00:03: No messages received, waiting before next poll
2025-04-02 09:00:08: Polling for messages...
2025-04-02 09:00:29: No messages received, waiting before next poll
2025-04-02 09:00:34: Polling for messages...
2025-04-02 09:00:55: No messages received, waiting before next poll
2025-04-02 09:01:00: Polling for messages...
2025-04-02 09:01:18: No messages received, waiting before next poll
2025-04-02 09:01:26: Polling for messages...
2025-04-02 09:01:45: No messages received, waiting before next poll
2025-04-02 09:01:50: Polling for messages...
2025-04-02 09:02:10: No messages received, waiting before next poll
2025-04-02 09:02:15: Polling for messages...
2025-04-02 09:02:36: No messages received, waiting before next poll
2025-04-02 09:02:41: Polling for messages...
2025-04-02 09:03:00: No messages received, waiting before next poll
2025-04-02 09:03:07: Polling for messages...
2025-04-02 09:03:26: No messages received, waiting before next poll
2025-04-02 09:03:31: Polling for messages...
2025-04-02 09:03:52: No messages received, waiting before next poll
2025-04-02 09:03:57: Polling for messages...
2025-04-02 09:04:18: No messages received, waiting before next poll
2025-04-02 09:04:23: Polling for messages...
2025-04-02 09:04:42: No messages received, waiting before next poll
2025-04-02 09:04:48: Polling for messages...
2025-04-02 09:05:07: No messages received, waiting before next poll
2025-04-02 09:05:12: Polling for messages...
2025-04-02 09:05:33: No messages received, waiting before next poll
2025-04-02 09:05:38: Polling for messages...
2025-04-02 09:05:59: No messages received, waiting before next poll
2025-04-02 09:06:04: Polling for messages...
2025-04-02 09:06:23: No messages received, waiting before next poll
2025-04-02 09:06:30: Polling for messages...
2025-04-02 09:06:39: Received 1 messages
2025-04-02 09:06:39: Processing message: 0d34e556-f0ac-432c-af75-d4cddf1c2b65
2025-04-02 09:06:39: Processing notification of type SYSTEM_NOTIFICATION for 1 users
2025-04-02 09:06:39: Created 1 in-app notifications
2025-04-02 09:06:39: Message deleted from queue
2025-04-02 09:06:39: Polling for messages...
2025-04-02 09:06:58: No messages received, waiting before next poll
2025-04-02 09:07:05: Polling for messages...
2025-04-02 09:07:24: No messages received, waiting before next poll
2025-04-02 09:07:29: Polling for messages...
2025-04-02 09:07:39: Loading environment from /home/pkflutter/project/LC-Report/lc-opd-daily/.env.local
2025-04-02 09:07:39: Environment check:
2025-04-02 09:07:39: - TELEGRAM_BOT_TOKEN exists: true
2025-04-02 09:07:39: - TELEGRAM_BOT_USERNAME exists: true
2025-04-02 09:07:39: - AWS_REGION exists: true
2025-04-02 09:07:39: - AWS_SQS_NOTIFICATION_QUEUE_URL exists: true
2025-04-02 09:07:39: - Working directory: /home/pkflutter/project/LC-Report/lc-opd-daily
2025-04-02 09:07:39: - Project root: /home/pkflutter/project/LC-Report/lc-opd-daily
2025-04-02 09:07:39: Web Push initialized with VAPID keys
2025-04-02 09:07:39: Initializing Telegram bot with token: 76107...
2025-04-02 09:07:39: Telegram Bot initialized successfully.
2025-04-02 09:07:39: ======================================
2025-04-02 09:07:39: Starting standalone notification worker...
2025-04-02 09:07:39: Worker version: 1.0.0
2025-04-02 09:07:39: AWS Region: ap-southeast-1
2025-04-02 09:07:39: Queue URL: https://sqs.ap-southeast-1.amazonaws.com/235494793385/LC-Reports-Queue
2025-04-02 09:07:39: Telegram bot enabled: true
2025-04-02 09:07:39: ======================================
2025-04-02 09:07:39: Polling for messages...
2025-04-02 09:07:40: Connected to Telegram bot: @lc_eod_report_bot (closed_eod_report)
2025-04-02 09:07:58: No messages received, waiting before next poll
2025-04-02 09:08:03: Polling for messages...
2025-04-02 09:08:24: No messages received, waiting before next poll
2025-04-02 09:08:29: Polling for messages...
2025-04-02 09:08:34: Received 1 messages
2025-04-02 09:08:34: Processing message: 5097904b-d579-4814-b14b-6950506a35c3
2025-04-02 09:08:34: Processing notification of type SYSTEM_NOTIFICATION for 1 users
2025-04-02 09:08:34: Notification data: {"title":"Telegram Integration Test","body":"This is a test notification sent at 09:08:34 to verify Telegram integration is working properly.","branchName":"Test Branch","date":"2025-04-02","senderName":"System Administrator","actionUrl":"/dashboard","source":"test-script","priority":"high"}
2025-04-02 09:08:34: Created 1 in-app notifications
2025-04-02 09:08:34: Checking for Telegram subscriptions...
2025-04-02 09:08:34: Found 1 Telegram subscriptions of 1 possible users
2025-04-02 09:08:34: Found 1 Telegram subscriptions to notify: [{"chatId":"123456789","userId":"cm8py14ic000ftq90f1jizqmg","username":"test_user"}]
2025-04-02 09:08:34: Sending Telegram message to chat 123456789 (test_user)
2025-04-02 09:08:35: Message deleted from queue
2025-04-02 09:08:35: Polling for messages...
2025-04-02 09:08:56: No messages received, waiting before next poll
2025-04-02 09:09:01: Polling for messages...
2025-04-02 09:09:22: No messages received, waiting before next poll
2025-04-02 09:09:27: Polling for messages...
2025-04-02 09:09:45: No messages received, waiting before next poll
2025-04-02 09:09:50: Polling for messages...
2025-04-02 09:10:11: No messages received, waiting before next poll
2025-04-02 09:10:16: Polling for messages...
2025-04-02 09:10:37: No messages received, waiting before next poll
2025-04-02 09:10:42: Polling for messages...
2025-04-02 09:11:03: No messages received, waiting before next poll
2025-04-02 09:11:08: Polling for messages...
2025-04-02 09:11:27: No messages received, waiting before next poll
2025-04-02 09:11:32: Polling for messages...
2025-04-02 09:11:53: No messages received, waiting before next poll
2025-04-02 09:11:58: Polling for messages...
2025-04-16 21:31:24: Loading environment from /home/pkflutter/project/LC-Report/lc-opd-daily/.env.local
2025-04-16 21:31:24: Environment check:
2025-04-16 21:31:24: - TELEGRAM_BOT_TOKEN exists: true
2025-04-16 21:31:24: - TELEGRAM_BOT_USERNAME exists: true
2025-04-16 21:31:24: - AWS_REGION exists: true
2025-04-16 21:31:24: - AWS_SQS_NOTIFICATION_QUEUE_URL exists: true
2025-04-16 21:31:24: - Working directory: /home/pkflutter/project/LC-Report/lc-opd-daily
2025-04-16 21:31:24: - Project root: /home/pkflutter/project/LC-Report/lc-opd-daily
2025-04-16 21:31:24: Web Push initialized with VAPID keys
2025-04-16 21:31:24: Initializing Telegram bot with token: 76107...
2025-04-16 21:31:24: Telegram Bot initialized successfully.
2025-04-16 21:31:24: ======================================
2025-04-16 21:31:24: Starting standalone notification worker...
2025-04-16 21:31:24: Worker version: 1.0.0
2025-04-16 21:31:24: AWS Region: ap-southeast-1
2025-04-16 21:31:24: Queue URL: https://sqs.ap-southeast-1.amazonaws.com/235494793385/LC-Reports-Queue
2025-04-16 21:31:24: Telegram bot enabled: true
2025-04-16 21:31:24: ======================================
2025-04-16 21:31:24: Polling for messages...
2025-04-16 21:31:25: Connected to Telegram bot: @lc_eod_report_bot (closed_eod_report)
2025-04-16 21:31:44: No messages received, waiting before next poll
2025-04-16 21:31:49: Polling for messages...
2025-04-16 21:32:09: No messages received, waiting before next poll
2025-04-16 21:32:14: Polling for messages...
2025-04-16 21:32:34: No messages received, waiting before next poll
2025-04-16 21:32:39: Polling for messages...
2025-04-16 21:32:59: No messages received, waiting before next poll
2025-04-16 21:33:04: Polling for messages...
2025-04-16 21:33:25: No messages received, waiting before next poll
2025-04-16 21:33:30: Polling for messages...
2025-04-16 21:33:50: No messages received, waiting before next poll
2025-04-16 21:33:55: Polling for messages...
2025-04-16 21:34:15: No messages received, waiting before next poll
2025-04-16 21:34:20: Polling for messages...
2025-04-16 21:34:40: No messages received, waiting before next poll
2025-04-16 21:34:45: Polling for messages...
2025-04-16 21:35:05: No messages received, waiting before next poll
2025-04-16 21:35:10: Polling for messages...
2025-04-16 21:35:30: No messages received, waiting before next poll
2025-04-16 21:35:35: Polling for messages...
2025-04-16 21:35:55: No messages received, waiting before next poll
2025-04-16 21:36:00: Polling for messages...
2025-04-16 21:36:20: No messages received, waiting before next poll
2025-04-16 21:36:25: Polling for messages...
2025-04-16 21:36:45: No messages received, waiting before next poll
2025-04-16 21:36:50: Polling for messages...
2025-04-16 21:37:10: No messages received, waiting before next poll
2025-04-16 21:37:15: Polling for messages...
2025-04-16 21:37:35: No messages received, waiting before next poll
2025-04-16 21:37:40: Polling for messages...
2025-04-16 21:38:00: No messages received, waiting before next poll
2025-04-16 21:38:05: Polling for messages...
2025-04-16 21:38:25: No messages received, waiting before next poll
2025-04-16 21:38:30: Polling for messages...
2025-04-16 21:38:50: No messages received, waiting before next poll
2025-04-16 21:38:55: Polling for messages...
2025-04-16 21:39:15: No messages received, waiting before next poll
2025-04-16 21:39:20: Polling for messages...
2025-04-16 21:39:40: No messages received, waiting before next poll
2025-04-16 21:39:45: Polling for messages...
2025-04-16 21:40:06: No messages received, waiting before next poll
2025-04-16 21:40:11: Polling for messages...
2025-04-16 21:40:31: No messages received, waiting before next poll
2025-04-16 21:40:36: Polling for messages...
2025-04-16 21:40:56: No messages received, waiting before next poll
2025-04-16 21:41:01: Polling for messages...
2025-04-16 21:41:21: No messages received, waiting before next poll
2025-04-16 21:41:26: Polling for messages...
2025-04-16 21:41:46: No messages received, waiting before next poll
2025-04-16 21:41:51: Polling for messages...
2025-04-16 21:42:11: No messages received, waiting before next poll
2025-04-16 21:42:16: Polling for messages...
2025-04-16 21:42:36: No messages received, waiting before next poll
2025-04-16 21:42:41: Polling for messages...
2025-04-16 21:43:01: No messages received, waiting before next poll
2025-04-16 21:43:06: Polling for messages...
2025-04-16 21:43:26: No messages received, waiting before next poll
2025-04-16 21:43:31: Polling for messages...
2025-04-16 21:43:51: No messages received, waiting before next poll
2025-04-16 21:43:56: Polling for messages...
2025-04-16 21:44:16: No messages received, waiting before next poll
2025-04-16 21:44:21: Polling for messages...
2025-04-16 21:44:42: No messages received, waiting before next poll
2025-04-16 21:44:47: Polling for messages...
2025-04-16 21:45:07: No messages received, waiting before next poll
2025-04-16 21:45:12: Polling for messages...
2025-04-16 21:45:32: No messages received, waiting before next poll
2025-04-16 21:45:37: Polling for messages...
2025-04-16 21:45:57: No messages received, waiting before next poll
2025-04-16 21:46:02: Polling for messages...
2025-04-16 21:46:22: No messages received, waiting before next poll
2025-04-16 21:46:27: Polling for messages...
2025-04-16 21:46:47: No messages received, waiting before next poll
2025-04-16 21:46:52: Polling for messages...
2025-04-16 21:47:12: No messages received, waiting before next poll
2025-04-16 21:47:17: Polling for messages...
2025-04-16 21:47:37: No messages received, waiting before next poll
2025-04-16 21:47:42: Polling for messages...
2025-04-16 21:48:02: No messages received, waiting before next poll
2025-04-16 21:48:07: Polling for messages...
2025-04-16 21:48:27: No messages received, waiting before next poll
2025-04-16 21:48:32: Polling for messages...
2025-04-16 21:48:52: No messages received, waiting before next poll
2025-04-16 21:48:57: Polling for messages...
2025-04-16 21:49:17: No messages received, waiting before next poll
2025-04-16 21:49:22: Polling for messages...
2025-04-16 21:49:42: No messages received, waiting before next poll
2025-04-16 21:49:47: Polling for messages...
2025-04-16 21:50:07: No messages received, waiting before next poll
2025-04-16 21:50:12: Polling for messages...
2025-04-16 21:50:32: No messages received, waiting before next poll
2025-04-16 21:50:37: Polling for messages...
2025-04-16 21:50:57: No messages received, waiting before next poll
2025-04-16 21:51:02: Polling for messages...
2025-04-16 21:51:22: No messages received, waiting before next poll
2025-04-16 21:51:27: Polling for messages...
2025-04-16 21:51:48: No messages received, waiting before next poll
2025-04-16 21:51:53: Polling for messages...
2025-04-16 21:52:13: No messages received, waiting before next poll
2025-04-16 21:52:18: Polling for messages...
2025-04-16 21:52:38: No messages received, waiting before next poll
2025-04-16 21:52:43: Polling for messages...
2025-04-16 21:53:03: No messages received, waiting before next poll
2025-04-16 21:53:08: Polling for messages...
2025-04-16 21:53:28: No messages received, waiting before next poll
2025-04-16 21:53:33: Polling for messages...
2025-04-16 21:53:53: No messages received, waiting before next poll
2025-04-16 21:53:58: Polling for messages...
2025-04-16 21:54:18: No messages received, waiting before next poll
2025-04-16 21:54:23: Polling for messages...
2025-04-16 21:54:36: Received 1 messages
2025-04-16 21:54:36: Processing message: 58e7f356-0f7f-4518-8cf3-1f2d3ee3d894
2025-04-16 21:54:36: Processing notification of type REPORT_APPROVED for 1 users
2025-04-16 21:54:36: Notification data: {"reportId":"cm9jzvuuw000ntqj17en30oil","branchId":"cm8py14g8000dtq907va7h3bm","branchName":"04-KTH","approverName":"Admin User","comments":"yes, okay"}
2025-04-16 21:54:36: Created 1 in-app notifications
2025-04-16 21:54:36: Checking for Telegram subscriptions...
2025-04-16 21:54:36: Found 0 Telegram subscriptions of 1 possible users
2025-04-16 21:54:36: No Telegram subscriptions found for the target users
2025-04-16 21:54:36: User cm8py14il000gtq90qg80vpue has no Telegram subscription
2025-04-16 21:54:37: Message deleted from queue
2025-04-16 21:54:37: Polling for messages...
2025-04-16 21:54:57: No messages received, waiting before next poll
2025-04-16 21:55:02: Polling for messages...
2025-04-16 21:55:22: No messages received, waiting before next poll
2025-04-16 21:55:27: Polling for messages...
2025-04-16 21:55:47: No messages received, waiting before next poll
2025-04-16 21:55:52: Polling for messages...
2025-04-16 21:56:12: No messages received, waiting before next poll
2025-04-16 21:56:17: Polling for messages...
2025-04-16 21:56:37: No messages received, waiting before next poll
2025-04-16 21:56:42: Polling for messages...
2025-04-16 21:57:05: No messages received, waiting before next poll
2025-04-16 21:57:10: Polling for messages...
2025-04-16 21:57:30: No messages received, waiting before next poll
2025-04-16 21:57:35: Polling for messages...
2025-04-16 21:57:55: No messages received, waiting before next poll
2025-04-16 21:58:00: Polling for messages...
2025-04-16 21:58:20: No messages received, waiting before next poll
2025-04-16 21:58:25: Polling for messages...
2025-04-16 21:58:45: No messages received, waiting before next poll
2025-04-16 21:58:50: Polling for messages...
2025-04-16 21:59:10: No messages received, waiting before next poll
2025-04-16 21:59:15: Polling for messages...
2025-04-16 21:59:35: No messages received, waiting before next poll
2025-04-16 21:59:40: Polling for messages...
2025-04-16 22:00:00: No messages received, waiting before next poll
2025-04-16 22:00:05: Polling for messages...
2025-04-16 22:00:25: No messages received, waiting before next poll
2025-04-16 22:00:30: Polling for messages...
2025-04-16 22:00:50: No messages received, waiting before next poll
2025-04-16 22:00:55: Polling for messages...
2025-04-16 22:01:15: No messages received, waiting before next poll
2025-04-16 22:01:20: Polling for messages...
2025-04-16 22:01:40: No messages received, waiting before next poll
2025-04-16 22:01:45: Polling for messages...
2025-04-16 22:02:05: No messages received, waiting before next poll
2025-04-16 22:02:10: Polling for messages...
2025-04-16 22:02:30: No messages received, waiting before next poll
2025-04-16 22:02:35: Polling for messages...
2025-04-16 22:02:55: No messages received, waiting before next poll
2025-04-16 22:03:01: Polling for messages...
2025-04-16 22:03:21: No messages received, waiting before next poll
2025-04-16 22:03:26: Polling for messages...
2025-04-16 22:03:46: No messages received, waiting before next poll
2025-04-16 22:03:51: Polling for messages...
2025-04-16 22:04:11: No messages received, waiting before next poll
2025-04-16 22:04:16: Polling for messages...
2025-04-16 22:04:36: No messages received, waiting before next poll
2025-04-16 22:04:41: Polling for messages...
2025-04-16 22:05:01: No messages received, waiting before next poll
2025-04-16 22:05:06: Polling for messages...
2025-04-16 22:05:26: No messages received, waiting before next poll
2025-04-16 22:05:31: Polling for messages...
2025-04-16 22:05:51: No messages received, waiting before next poll
2025-04-16 22:05:56: Polling for messages...
2025-04-16 22:06:16: No messages received, waiting before next poll
2025-04-16 22:06:21: Polling for messages...
2025-04-16 22:06:41: No messages received, waiting before next poll
2025-04-16 22:06:46: Polling for messages...
2025-04-16 22:07:06: No messages received, waiting before next poll
2025-04-16 22:07:11: Polling for messages...
2025-04-16 22:07:31: No messages received, waiting before next poll
2025-04-16 22:07:36: Polling for messages...
2025-04-16 22:07:56: No messages received, waiting before next poll
2025-04-16 22:08:01: Polling for messages...
2025-04-16 22:08:21: No messages received, waiting before next poll
2025-04-16 22:08:26: Polling for messages...
2025-04-16 22:08:46: No messages received, waiting before next poll
2025-04-16 22:08:51: Polling for messages...
2025-04-16 22:09:12: No messages received, waiting before next poll
2025-04-16 22:09:17: Polling for messages...
2025-04-16 22:09:37: No messages received, waiting before next poll
2025-04-16 22:09:42: Polling for messages...
2025-04-16 22:10:02: No messages received, waiting before next poll
2025-04-16 22:10:07: Polling for messages...
2025-04-16 22:10:27: No messages received, waiting before next poll
2025-04-16 22:10:32: Polling for messages...
2025-04-16 22:10:52: No messages received, waiting before next poll
2025-04-16 22:10:57: Polling for messages...
2025-04-16 22:11:17: No messages received, waiting before next poll
2025-04-16 22:11:22: Polling for messages...
2025-04-16 22:11:42: No messages received, waiting before next poll
2025-04-16 22:11:47: Polling for messages...
2025-04-16 22:12:07: No messages received, waiting before next poll
2025-04-16 22:12:12: Polling for messages...
2025-04-16 22:12:32: No messages received, waiting before next poll
2025-04-16 22:12:37: Polling for messages...
2025-04-16 22:12:57: No messages received, waiting before next poll
2025-04-16 22:13:02: Polling for messages...
2025-04-16 22:13:22: No messages received, waiting before next poll
2025-04-16 22:13:27: Polling for messages...
2025-04-16 22:13:47: No messages received, waiting before next poll
2025-04-16 22:13:52: Polling for messages...
2025-04-16 22:14:12: No messages received, waiting before next poll
2025-04-16 22:14:17: Polling for messages...
2025-04-16 22:14:37: No messages received, waiting before next poll
2025-04-16 22:14:42: Polling for messages...
2025-04-16 22:15:02: No messages received, waiting before next poll
2025-04-16 22:15:07: Polling for messages...
2025-04-16 22:15:28: No messages received, waiting before next poll
2025-04-16 22:15:33: Polling for messages...
2025-04-16 22:15:53: No messages received, waiting before next poll
2025-04-16 22:15:58: Polling for messages...
2025-04-16 22:16:18: No messages received, waiting before next poll
2025-04-16 22:16:23: Polling for messages...
2025-04-16 22:16:43: No messages received, waiting before next poll
2025-04-16 22:16:48: Polling for messages...
2025-04-16 22:17:08: No messages received, waiting before next poll
2025-04-16 22:17:13: Polling for messages...
2025-04-16 22:17:33: No messages received, waiting before next poll
2025-04-16 22:17:38: Polling for messages...
2025-04-16 22:17:58: No messages received, waiting before next poll
2025-04-16 22:18:03: Polling for messages...
2025-04-16 22:18:23: No messages received, waiting before next poll
2025-04-16 22:18:28: Polling for messages...
2025-04-16 22:18:48: No messages received, waiting before next poll
2025-04-16 22:18:53: Polling for messages...
2025-04-16 22:19:13: No messages received, waiting before next poll
2025-04-16 22:19:18: Polling for messages...
2025-04-16 22:19:38: No messages received, waiting before next poll
2025-04-16 22:19:43: Polling for messages...
2025-04-16 22:20:03: No messages received, waiting before next poll
2025-04-16 22:20:08: Polling for messages...
2025-04-16 22:20:28: No messages received, waiting before next poll
2025-04-16 22:20:33: Polling for messages...
2025-04-16 22:20:53: No messages received, waiting before next poll
2025-04-16 22:20:58: Polling for messages...
2025-04-16 22:21:18: No messages received, waiting before next poll
2025-04-16 22:21:23: Polling for messages...
2025-04-16 22:21:44: No messages received, waiting before next poll
2025-04-16 22:21:49: Polling for messages...
2025-04-16 22:22:09: No messages received, waiting before next poll
2025-04-16 22:22:14: Polling for messages...
2025-04-16 22:22:34: No messages received, waiting before next poll
2025-04-16 22:22:39: Polling for messages...
2025-04-16 22:22:59: No messages received, waiting before next poll
2025-04-16 22:23:04: Polling for messages...
2025-04-16 22:23:24: No messages received, waiting before next poll
2025-04-16 22:23:29: Polling for messages...
2025-04-16 22:23:49: No messages received, waiting before next poll
2025-04-16 22:23:54: Polling for messages...
2025-04-16 22:24:14: No messages received, waiting before next poll
2025-04-16 22:24:19: Polling for messages...
2025-04-16 22:24:39: No messages received, waiting before next poll
2025-04-16 22:24:44: Polling for messages...
2025-04-16 22:25:04: No messages received, waiting before next poll
2025-04-16 22:25:09: Polling for messages...
2025-04-16 22:25:29: No messages received, waiting before next poll
2025-04-16 22:25:34: Polling for messages...
2025-04-16 22:25:54: No messages received, waiting before next poll
2025-04-16 22:25:59: Polling for messages...
2025-04-16 22:26:19: No messages received, waiting before next poll
2025-04-16 22:26:24: Polling for messages...
2025-04-16 22:26:45: No messages received, waiting before next poll
2025-04-16 22:26:50: Polling for messages...
